10-01-2025 20:05:55 RAM 2274/6834MB (lfb 27x4MB) SWAP 542/3417MB (cached 2MB) CPU [99%@1189,100%@1188,100%@1189,98%@1189,off,off] EMC_FREQ 0% GR3D_FREQ 22% AUX@36.5C CPU@40C thermal@37.85C AO@37.5C GPU@38C PMIC@50C VDD_IN 5542mW/5542mW VDD_CPU_GPU_CV 1594mW/1594mW VDD_SOC 1234mW/1234mW
10-01-2025 20:05:56 RAM 2303/6834MB (lfb 27x4MB) SWAP 542/3417MB (cached 2MB) CPU [100%@1190,100%@1190,100%@1189,100%@1189,off,off] EMC_FREQ 0% GR3D_FREQ 32% AUX@36.5C CPU@40C thermal@38C AO@37.5C GPU@38C PMIC@50C VDD_IN 5542mW/5542mW VDD_CPU_GPU_CV 1674mW/1634mW VDD_SOC 1236mW/1235mW
10-01-2025 20:05:57 RAM 2338/6834MB (lfb 27x4MB) SWAP 542/3417MB (cached 2MB) CPU [100%@1189,100%@1189,100%@1190,100%@1190,off,off] EMC_FREQ 0% GR3D_FREQ 0% AUX@36.5C CPU@40C thermal@38C AO@37.5C GPU@38C PMIC@50C VDD_IN 5542mW/5542mW VDD_CPU_GPU_CV 1594mW/1620mW VDD_SOC 1234mW/1234mW
10-01-2025 20:05:58 RAM 2374/6834MB (lfb 27x4MB) SWAP 542/3417MB (cached 2MB) CPU [100%@1190,100%@1190,100%@1190,100%@1190,off,off] EMC_FREQ 0% GR3D_FREQ 0% AUX@37C CPU@40C thermal@38C AO@37.5C GPU@38C PMIC@50C VDD_IN 5582mW/5552mW VDD_CPU_GPU_CV 1634mW/1624mW VDD_SOC 1234mW/1234mW
10-01-2025 20:05:59 RAM 2419/6834MB (lfb 25x4MB) SWAP 542/3417MB (cached 2MB) CPU [100%@1189,97%@1189,100%@1190,100%@1190,off,off] EMC_FREQ 0% GR3D_FREQ 0% AUX@36.5C CPU@40C thermal@38C AO@37.5C GPU@38C PMIC@50C VDD_IN 5582mW/5558mW VDD_CPU_GPU_CV 1674mW/1634mW VDD_SOC 1236mW/1234mW
10-01-2025 20:06:00 RAM 2452/6834MB (lfb 20x4MB) SWAP 542/3417MB (cached 2MB) CPU [100%@1190,100%@1189,100%@1189,100%@1189,off,off] EMC_FREQ 0% GR3D_FREQ 14% AUX@36.5C CPU@40C thermal@38C AO@37.5C GPU@38C PMIC@50C VDD_IN 5542mW/5555mW VDD_CPU_GPU_CV 1594mW/1627mW VDD_SOC 1236mW/1235mW
10-01-2025 20:06:01 RAM 2492/6834MB (lfb 10x4MB) SWAP 542/3417MB (cached 2MB) CPU [100%@1189,100%@1189,100%@1190,100%@1190,off,off] EMC_FREQ 0% GR3D_FREQ 0% AUX@36.5C CPU@40C thermal@38C AO@37.5C GPU@38C PMIC@50C VDD_IN 5542mW/5553mW VDD_CPU_GPU_CV 1594mW/1622mW VDD_SOC 1234mW/1234mW
10-01-2025 20:06:02 RAM 2532/6834MB (lfb 33x2MB) SWAP 542/3417MB (cached 2MB) CPU [100%@1189,100%@1190,100%@1190,98%@1190,off,off] EMC_FREQ 0% GR3D_FREQ 0% AUX@36.5C CPU@40C thermal@38C AO@37.5C GPU@38C PMIC@50C VDD_IN 5621mW/5561mW VDD_CPU_GPU_CV 1674mW/1629mW VDD_SOC 1236mW/1235mW
10-01-2025 20:06:03 RAM 3635/6834MB (lfb 33x2MB) SWAP 542/3417MB (cached 2MB) CPU [100%@1189,100%@1189,100%@1189,100%@1190,off,off] EMC_FREQ 0% GR3D_FREQ 0% AUX@37C CPU@40C thermal@38.2C AO@37.5C GPU@38C PMIC@50C VDD_IN 5582mW/5564mW VDD_CPU_GPU_CV 1594mW/1625mW VDD_SOC 1236mW/1235mW
10-01-2025 20:06:04 RAM 5408/6834MB (lfb 2x128kB) SWAP 542/3417MB (cached 2MB) CPU [100%@1188,100%@1190,100%@1190,100%@1190,off,off] EMC_FREQ 0% GR3D_FREQ 0% AUX@37C CPU@40C thermal@38.2C AO@37.5C GPU@38C PMIC@50C VDD_IN 5821mW/5589mW VDD_CPU_GPU_CV 1714mW/1634mW VDD_SOC 1273mW/1238mW
10-01-2025 20:06:05 RAM 5447/6834MB (lfb 2x128kB) SWAP 542/3417MB (cached 2MB) CPU [100%@1190,100%@1189,100%@1189,100%@1190,off,off] EMC_FREQ 0% GR3D_FREQ 0% AUX@37C CPU@40.5C thermal@38.2C AO@37.5C GPU@38C PMIC@50C VDD_IN 5701mW/5599mW VDD_CPU_GPU_CV 1714mW/1641mW VDD_SOC 1234mW/1238mW
10-01-2025 20:06:06 RAM 5453/6834MB (lfb 54x128kB) SWAP 542/3417MB (cached 2MB) CPU [100%@1190,99%@1190,100%@1189,100%@1190,off,off] EMC_FREQ 0% GR3D_FREQ 99% AUX@37C CPU@40.5C thermal@38.2C AO@38C GPU@41C PMIC@50C VDD_IN 9315mW/5909mW VDD_CPU_GPU_CV 4371mW/1868mW VDD_SOC 1589mW/1267mW
10-01-2025 20:06:07 RAM 5451/6834MB (lfb 38x128kB) SWAP 542/3417MB (cached 2MB) CPU [100%@1190,100%@1190,100%@1190,96%@1190,off,off] EMC_FREQ 0% GR3D_FREQ 99% AUX@37C CPU@41C thermal@39.7C AO@39C GPU@42.5C PMIC@50C VDD_IN 13353mW/6482mW VDD_CPU_GPU_CV 7340mW/2289mW VDD_SOC 1944mW/1319mW
10-01-2025 20:06:08 RAM 5451/6834MB (lfb 38x128kB) SWAP 542/3417MB (cached 2MB) CPU [100%@1190,100%@1190,100%@1190,100%@1190,off,off] EMC_FREQ 0% GR3D_FREQ 99% AUX@37C CPU@41C thermal@40C AO@39.5C GPU@43C PMIC@50C VDD_IN 13671mW/6995mW VDD_CPU_GPU_CV 7578mW/2667mW VDD_SOC 1984mW/1367mW
10-01-2025 20:06:09 RAM 5453/6834MB (lfb 1x1MB) SWAP 542/3417MB (cached 2MB) CPU [100%@1189,100%@1189,99%@1190,100%@1190,off,off] EMC_FREQ 0% GR3D_FREQ 99% AUX@37.5C CPU@41.5C thermal@40.15C AO@39.5C GPU@43.5C PMIC@50C VDD_IN 13552mW/7432mW VDD_CPU_GPU_CV 7618mW/2997mW VDD_SOC 1944mW/1405mW
10-01-2025 20:06:10 RAM 5454/6834MB (lfb 1x1MB) SWAP 542/3417MB (cached 2MB) CPU [100%@1190,100%@1190,100%@1190,100%@1190,off,off] EMC_FREQ 0% GR3D_FREQ 99% AUX@37.5C CPU@42C thermal@40.5C AO@40C GPU@43.5C PMIC@50C VDD_IN 13671mW/7822mW VDD_CPU_GPU_CV 7658mW/3288mW VDD_SOC 1944mW/1439mW
10-01-2025 20:06:12 RAM 5453/6834MB (lfb 2x4MB) SWAP 542/3417MB (cached 2MB) CPU [99%@1190,100%@1189,100%@1190,100%@1189,off,off] EMC_FREQ 0% GR3D_FREQ 99% AUX@38C CPU@42C thermal@41C AO@40C GPU@44C PMIC@50C VDD_IN 13552mW/8159mW VDD_CPU_GPU_CV 7539mW/3538mW VDD_SOC 1984mW/1471mW
10-01-2025 20:06:13 RAM 5453/6834MB (lfb 2x4MB) SWAP 542/3417MB (cached 2MB) CPU [100%@1190,100%@1190,100%@1190,100%@1190,off,off] EMC_FREQ 0% GR3D_FREQ 99% AUX@38C CPU@42.5C thermal@41C AO@40.5C GPU@44C PMIC@50C VDD_IN 13512mW/8456mW VDD_CPU_GPU_CV 7182mW/3741mW VDD_SOC 2063mW/1504mW
10-01-2025 20:06:14 RAM 5453/6834MB (lfb 2x4MB) SWAP 542/3417MB (cached 2MB) CPU [100%@1190,100%@1189,100%@1190,100%@1190,off,off] EMC_FREQ 0% GR3D_FREQ 99% AUX@38C CPU@42.5C thermal@41C AO@41C GPU@44.5C PMIC@50C VDD_IN 13671mW/8731mW VDD_CPU_GPU_CV 7578mW/3943mW VDD_SOC 1984mW/1529mW
10-01-2025 20:06:15 RAM 5453/6834MB (lfb 2x4MB) SWAP 542/3417MB (cached 2MB) CPU [100%@1190,100%@1190,100%@1190,100%@1190,off,off] EMC_FREQ 0% GR3D_FREQ 99% AUX@38.5C CPU@43C thermal@41.5C AO@41C GPU@44.5C PMIC@50C VDD_IN 13791mW/8984mW VDD_CPU_GPU_CV 7697mW/4130mW VDD_SOC 1984mW/1552mW
10-01-2025 20:06:16 RAM 5454/6834MB (lfb 2x4MB) SWAP 542/3417MB (cached 2MB) CPU [100%@1190,100%@1190,100%@1190,100%@1190,off,off] EMC_FREQ 0% GR3D_FREQ 99% AUX@39C CPU@43C thermal@41.8C AO@41C GPU@45C PMIC@50C VDD_IN 13711mW/9209mW VDD_CPU_GPU_CV 7658mW/4298mW VDD_SOC 1944mW/1570mW
10-01-2025 20:06:17 RAM 5454/6834MB (lfb 2x4MB) SWAP 542/3417MB (cached 2MB) CPU [100%@1190,100%@1190,100%@1189,100%@1190,off,off] EMC_FREQ 0% GR3D_FREQ 99% AUX@39C CPU@43C thermal@42C AO@41.5C GPU@45C PMIC@50C VDD_IN 13711mW/9414mW VDD_CPU_GPU_CV 7658mW/4451mW VDD_SOC 1984mW/1589mW
10-01-2025 20:06:18 RAM 5454/6834MB (lfb 2x4MB) SWAP 542/3417MB (cached 2MB) CPU [100%@1190,100%@1190,100%@1190,100%@1190,off,off] EMC_FREQ 0% GR3D_FREQ 99% AUX@39C CPU@43.5C thermal@42.3C AO@41.5C GPU@45.5C PMIC@50C VDD_IN 13751mW/9602mW VDD_CPU_GPU_CV 7697mW/4592mW VDD_SOC 1984mW/1606mW
10-01-2025 20:06:19 RAM 5454/6834MB (lfb 2x4MB) SWAP 542/3417MB (cached 2MB) CPU [100%@1189,98%@1190,100%@1190,100%@1190,off,off] EMC_FREQ 0% GR3D_FREQ 99% AUX@39.5C CPU@43.5C thermal@42.5C AO@42C GPU@45.5C PMIC@50C VDD_IN 13711mW/9773mW VDD_CPU_GPU_CV 7618mW/4718mW VDD_SOC 1984mW/1622mW
10-01-2025 20:06:20 RAM 5454/6834MB (lfb 2x4MB) SWAP 542/3417MB (cached 2MB) CPU [100%@1190,100%@1189,100%@1190,100%@1190,off,off] EMC_FREQ 0% GR3D_FREQ 99% AUX@39.5C CPU@44C thermal@42.8C AO@42C GPU@46C PMIC@50C VDD_IN 13791mW/9934mW VDD_CPU_GPU_CV 7658mW/4836mW VDD_SOC 1984mW/1636mW
10-01-2025 20:06:21 RAM 5454/6834MB (lfb 2x4MB) SWAP 542/3417MB (cached 2MB) CPU [100%@1189,100%@1190,100%@1190,100%@1190,off,off] EMC_FREQ 0% GR3D_FREQ 99% AUX@40C CPU@44C thermal@43C AO@42.5C GPU@46C PMIC@50C VDD_IN 13751mW/10081mW VDD_CPU_GPU_CV 7618mW/4943mW VDD_SOC 1984mW/1650mW
10-01-2025 20:06:22 RAM 5454/6834MB (lfb 2x4MB) SWAP 542/3417MB (cached 2MB) CPU [100%@1189,100%@1190,100%@1190,100%@1190,off,off] EMC_FREQ 0% GR3D_FREQ 99% AUX@40C CPU@44.5C thermal@43C AO@43C GPU@46C PMIC@50C VDD_IN 13751mW/10217mW VDD_CPU_GPU_CV 7697mW/5045mW VDD_SOC 1984mW/1662mW
10-01-2025 20:06:23 RAM 5454/6834MB (lfb 2x4MB) SWAP 542/3417MB (cached 2MB) CPU [100%@1190,100%@1190,100%@1190,100%@1190,off,off] EMC_FREQ 0% GR3D_FREQ 99% AUX@40.5C CPU@44.5C thermal@43.5C AO@43C GPU@46.5C PMIC@50C VDD_IN 13751mW/10343mW VDD_CPU_GPU_CV 7658mW/5138mW VDD_SOC 1984mW/1674mW
10-01-2025 20:06:24 RAM 5454/6834MB (lfb 2x4MB) SWAP 542/3417MB (cached 2MB) CPU [100%@1190,100%@1190,100%@1190,100%@1190,off,off] EMC_FREQ 0% GR3D_FREQ 99% AUX@40.5C CPU@45C thermal@43.5C AO@43.5C GPU@46.5C PMIC@50C VDD_IN 13791mW/10462mW VDD_CPU_GPU_CV 7658mW/5225mW VDD_SOC 1984mW/1684mW
10-01-2025 20:06:25 RAM 5470/6834MB (lfb 8x1MB) SWAP 542/3417MB (cached 2MB) CPU [100%@1190,100%@1189,100%@1190,96%@1189,off,off] EMC_FREQ 0% GR3D_FREQ 99% AUX@40.5C CPU@45C thermal@43.65C AO@43.5C GPU@47C PMIC@50C VDD_IN 13711mW/10570mW VDD_CPU_GPU_CV 7618mW/5305mW VDD_SOC 1984mW/1694mW
10-01-2025 20:06:26 RAM 5473/6834MB (lfb 8x1MB) SWAP 542/3417MB (cached 2MB) CPU [100%@1190,100%@1190,100%@1189,90%@1190,off,off] EMC_FREQ 0% GR3D_FREQ 99% AUX@41C CPU@45C thermal@43.8C AO@43.5C GPU@47C PMIC@50C VDD_IN 13830mW/10675mW VDD_CPU_GPU_CV 7618mW/5379mW VDD_SOC 2023mW/1705mW
10-01-2025 20:06:27 RAM 5473/6834MB (lfb 1x1MB) SWAP 542/3417MB (cached 2MB) CPU [100%@1190,100%@1190,100%@1189,97%@1190,off,off] EMC_FREQ 0% GR3D_FREQ 99% AUX@41.5C CPU@45.5C thermal@44.15C AO@44C GPU@47.5C PMIC@50C VDD_IN 13791mW/10773mW VDD_CPU_GPU_CV 7658mW/5450mW VDD_SOC 2023mW/1715mW
10-01-2025 20:06:28 RAM 5465/6834MB (lfb 1x4MB) SWAP 542/3417MB (cached 2MB) CPU [100%@1190,100%@1190,100%@1190,97%@1190,off,off] EMC_FREQ 0% GR3D_FREQ 99% AUX@41C CPU@46C thermal@44.3C AO@44C GPU@47.5C PMIC@50C VDD_IN 13751mW/10863mW VDD_CPU_GPU_CV 7658mW/5517mW VDD_SOC 2023mW/1724mW
10-01-2025 20:06:29 RAM 5465/6834MB (lfb 1x4MB) SWAP 542/3417MB (cached 2MB) CPU [100%@1190,100%@1190,100%@1190,100%@1190,off,off] EMC_FREQ 0% GR3D_FREQ 99% AUX@41.5C CPU@45.5C thermal@44.5C AO@44C GPU@48C PMIC@50C VDD_IN 13671mW/10945mW VDD_CPU_GPU_CV 7539mW/5577mW VDD_SOC 2023mW/1733mW
10-01-2025 20:06:30 RAM 5465/6834MB (lfb 1x4MB) SWAP 542/3417MB (cached 2MB) CPU [98%@1189,100%@1190,100%@1190,100%@1190,off,off] EMC_FREQ 0% GR3D_FREQ 99% AUX@42C CPU@46C thermal@44.8C AO@44.5C GPU@48C PMIC@50C VDD_IN 13632mW/11022mW VDD_CPU_GPU_CV 7499mW/5632mW VDD_SOC 2023mW/1741mW
10-01-2025 20:06:31 RAM 5474/6834MB (lfb 1x1MB) SWAP 542/3417MB (cached 2MB) CPU [100%@1190,100%@1190,100%@1190,99%@1190,off,off] EMC_FREQ 0% GR3D_FREQ 99% AUX@42C CPU@46.5C thermal@45.15C AO@45C GPU@48C PMIC@50C VDD_IN 13632mW/11095mW VDD_CPU_GPU_CV 7459mW/5682mW VDD_SOC 2023mW/1749mW
10-01-2025 20:06:32 RAM 5483/6834MB (lfb 1x1MB) SWAP 542/3417MB (cached 2MB) CPU [100%@1190,100%@1189,99%@1190,100%@1190,off,off] EMC_FREQ 0% GR3D_FREQ 99% AUX@42C CPU@46.5C thermal@45.35C AO@45C GPU@48C PMIC@50C VDD_IN 13632mW/11163mW VDD_CPU_GPU_CV 7301mW/5726mW VDD_SOC 2063mW/1757mW
10-01-2025 20:06:33 RAM 5507/6834MB (lfb 2x128kB) SWAP 542/3417MB (cached 2MB) CPU [98%@1190,100%@1188,99%@1190,100%@1190,off,off] EMC_FREQ 0% GR3D_FREQ 99% AUX@42.5C CPU@46.5C thermal@45.5C AO@45C GPU@48.5C PMIC@50C VDD_IN 13433mW/11223mW VDD_CPU_GPU_CV 7261mW/5767mW VDD_SOC 2023mW/1764mW
10-01-2025 20:06:34 RAM 5495/6834MB (lfb 1x2MB) SWAP 542/3417MB (cached 2MB) CPU [99%@1190,100%@1190,99%@1190,100%@1190,off,off] EMC_FREQ 0% GR3D_FREQ 99% AUX@43C CPU@47C thermal@46C AO@45.5C GPU@49C PMIC@50C VDD_IN 13632mW/11285mW VDD_CPU_GPU_CV 7380mW/5808mW VDD_SOC 2063mW/1772mW
10-01-2025 20:06:35 RAM 5487/6834MB (lfb 1x2MB) SWAP 542/3417MB (cached 2MB) CPU [95%@1190,99%@1190,100%@1190,100%@1190,off,off] EMC_FREQ 0% GR3D_FREQ 99% AUX@43C CPU@47C thermal@46.15C AO@45.5C GPU@49C PMIC@50C VDD_IN 13592mW/11342mW VDD_CPU_GPU_CV 7380mW/5847mW VDD_SOC 2063mW/1779mW
10-01-2025 20:06:36 RAM 5478/6834MB (lfb 4x2MB) SWAP 542/3417MB (cached 2MB) CPU [99%@1190,100%@1190,100%@1190,100%@1189,off,off] EMC_FREQ 0% GR3D_FREQ 99% AUX@43C CPU@47.5C thermal@46.3C AO@46C GPU@49C PMIC@50C VDD_IN 13671mW/11399mW VDD_CPU_GPU_CV 7459mW/5886mW VDD_SOC 2023mW/1785mW
10-01-2025 20:06:37 RAM 5480/6834MB (lfb 4x2MB) SWAP 542/3417MB (cached 2MB) CPU [99%@1190,100%@1190,98%@1190,99%@1190,off,off] EMC_FREQ 0% GR3D_FREQ 99% AUX@43.5C CPU@48C thermal@46.3C AO@46C GPU@49.5C PMIC@50C VDD_IN 13711mW/11454mW VDD_CPU_GPU_CV 7499mW/5925mW VDD_SOC 2023mW/1791mW
10-01-2025 20:06:38 RAM 5480/6834MB (lfb 4x2MB) SWAP 542/3417MB (cached 2MB) CPU [99%@1189,99%@1190,100%@1189,100%@1190,off,off] EMC_FREQ 0% GR3D_FREQ 99% AUX@43.5C CPU@48C thermal@46.5C AO@46C GPU@50C PMIC@50C VDD_IN 13671mW/11506mW VDD_CPU_GPU_CV 7301mW/5957mW VDD_SOC 2103mW/1798mW
10-01-2025 20:06:39 RAM 5481/6834MB (lfb 4x2MB) SWAP 542/3417MB (cached 2MB) CPU [98%@1190,100%@1190,100%@1190,98%@1189,off,off] EMC_FREQ 0% GR3D_FREQ 99% AUX@43.5C CPU@48C thermal@46.8C AO@46.5C GPU@50C PMIC@50C VDD_IN 13632mW/11554mW VDD_CPU_GPU_CV 7420mW/5990mW VDD_SOC 2063mW/1804mW
10-01-2025 20:06:40 RAM 5481/6834MB (lfb 4x2MB) SWAP 542/3417MB (cached 2MB) CPU [100%@1190,100%@1190,100%@1190,100%@1190,off,off] EMC_FREQ 0% GR3D_FREQ 99% AUX@44C CPU@48.5C thermal@48.2C AO@47C GPU@50C PMIC@50C VDD_IN 13791mW/11604mW VDD_CPU_GPU_CV 7499mW/6024mW VDD_SOC 2063mW/1810mW
10-01-2025 20:06:41 RAM 5481/6834MB (lfb 4x2MB) SWAP 542/3417MB (cached 2MB) CPU [98%@1190,100%@1190,100%@1190,100%@1190,off,off] EMC_FREQ 0% GR3D_FREQ 99% AUX@44C CPU@48C thermal@47.15C AO@46.5C GPU@50.5C PMIC@50C VDD_IN 13671mW/11649mW VDD_CPU_GPU_CV 7420mW/6054mW VDD_SOC 2063mW/1815mW
10-01-2025 20:06:43 RAM 5481/6834MB (lfb 4x2MB) SWAP 542/3417MB (cached 2MB) CPU [96%@1190,100%@1190,100%@1190,100%@1190,off,off] EMC_FREQ 0% GR3D_FREQ 99% AUX@44C CPU@48.5C thermal@47.15C AO@47C GPU@50C PMIC@50C VDD_IN 13671mW/11692mW VDD_CPU_GPU_CV 7420mW/6083mW VDD_SOC 2063mW/1821mW
10-01-2025 20:06:44 RAM 5482/6834MB (lfb 4x2MB) SWAP 542/3417MB (cached 2MB) CPU [100%@1190,100%@1190,100%@1190,100%@1190,off,off] EMC_FREQ 0% GR3D_FREQ 99% AUX@47C CPU@48.5C thermal@47.15C AO@47C GPU@50.5C PMIC@50C VDD_IN 13791mW/11735mW VDD_CPU_GPU_CV 7499mW/6112mW VDD_SOC 2063mW/1826mW
10-01-2025 20:06:45 RAM 5481/6834MB (lfb 4x2MB) SWAP 542/3417MB (cached 2MB) CPU [98%@1190,100%@1190,100%@1190,100%@1190,off,off] EMC_FREQ 0% GR3D_FREQ 99% AUX@47C CPU@48.5C thermal@47.15C AO@47C GPU@50.5C PMIC@50C VDD_IN 13671mW/11775mW VDD_CPU_GPU_CV 7261mW/6136mW VDD_SOC 2103mW/1831mW
10-01-2025 20:06:46 RAM 5481/6834MB (lfb 4x2MB) SWAP 542/3417MB (cached 2MB) CPU [98%@1190,100%@1190,100%@1190,100%@1190,off,off] EMC_FREQ 0% GR3D_FREQ 99% AUX@44.5C CPU@48.5C thermal@47.5C AO@47C GPU@50.5C PMIC@50C VDD_IN 13711mW/11814mW VDD_CPU_GPU_CV 7499mW/6163mW VDD_SOC 2063mW/1836mW
10-01-2025 20:06:47 RAM 5481/6834MB (lfb 4x2MB) SWAP 542/3417MB (cached 2MB) CPU [100%@1190,100%@1190,100%@1190,100%@1190,off,off] EMC_FREQ 0% GR3D_FREQ 99% AUX@44.5C CPU@48.5C thermal@47.5C AO@47C GPU@50.5C PMIC@50C VDD_IN 13671mW/11850mW VDD_CPU_GPU_CV 7499mW/6189mW VDD_SOC 2063mW/1840mW
10-01-2025 20:06:48 RAM 5481/6834MB (lfb 2x4MB) SWAP 542/3417MB (cached 2MB) CPU [100%@1190,100%@1190,100%@1190,100%@1190,off,off] EMC_FREQ 0% GR3D_FREQ 99% AUX@47.5C CPU@48.5C thermal@47.5C AO@47C GPU@51C PMIC@50C VDD_IN 13830mW/11888mW VDD_CPU_GPU_CV 7539mW/6215mW VDD_SOC 2063mW/1845mW
10-01-2025 20:06:49 RAM 5483/6834MB (lfb 2x4MB) SWAP 542/3417MB (cached 2MB) CPU [100%@1189,100%@1190,100%@1190,99%@1190,off,off] EMC_FREQ 0% GR3D_FREQ 99% AUX@44.5C CPU@48.5C thermal@47.65C AO@47C GPU@50.5C PMIC@50C VDD_IN 13711mW/11922mW VDD_CPU_GPU_CV 7459mW/6239mW VDD_SOC 2063mW/1849mW
10-01-2025 20:06:50 RAM 5471/6834MB (lfb 2x4MB) SWAP 542/3417MB (cached 2MB) CPU [100%@1190,100%@1190,100%@1190,97%@1190,off,off] EMC_FREQ 0% GR3D_FREQ 99% AUX@44.5C CPU@48.5C thermal@47.65C AO@47.5C GPU@50.5C PMIC@50C VDD_IN 13671mW/11955mW VDD_CPU_GPU_CV 7459mW/6261mW VDD_SOC 2063mW/1853mW
10-01-2025 20:06:51 RAM 5470/6834MB (lfb 2x4MB) SWAP 542/3417MB (cached 2MB) CPU [100%@1190,100%@1190,100%@1189,98%@1190,off,off] EMC_FREQ 0% GR3D_FREQ 99% AUX@44.5C CPU@49C thermal@47.65C AO@47.5C GPU@51C PMIC@50C VDD_IN 13671mW/11986mW VDD_CPU_GPU_CV 7221mW/6279mW VDD_SOC 2103mW/1857mW
10-01-2025 20:06:52 RAM 5469/6834MB (lfb 2x4MB) SWAP 542/3417MB (cached 2MB) CPU [98%@1190,100%@1190,100%@1190,100%@1190,off,off] EMC_FREQ 0% GR3D_FREQ 99% AUX@44.5C CPU@49C thermal@47.65C AO@47C GPU@51C PMIC@50C VDD_IN 13751mW/12018mW VDD_CPU_GPU_CV 7499mW/6301mW VDD_SOC 2063mW/1861mW
10-01-2025 20:06:53 RAM 5469/6834MB (lfb 2x4MB) SWAP 542/3417MB (cached 2MB) CPU [100%@1190,100%@1190,100%@1190,100%@1190,off,off] EMC_FREQ 0% GR3D_FREQ 99% AUX@44.5C CPU@48.5C thermal@47.65C AO@47.5C GPU@51C PMIC@50C VDD_IN 13711mW/12047mW VDD_CPU_GPU_CV 7539mW/6322mW VDD_SOC 2023mW/1864mW
10-01-2025 20:06:54 RAM 5469/6834MB (lfb 2x4MB) SWAP 542/3417MB (cached 2MB) CPU [100%@1190,100%@1190,100%@1190,97%@1190,off,off] EMC_FREQ 0% GR3D_FREQ 99% AUX@45C CPU@49C thermal@47.8C AO@47.5C GPU@51C PMIC@50C VDD_IN 13711mW/12076mW VDD_CPU_GPU_CV 7578mW/6344mW VDD_SOC 2023mW/1867mW
10-01-2025 20:06:55 RAM 5469/6834MB (lfb 2x4MB) SWAP 542/3417MB (cached 2MB) CPU [100%@1189,100%@1190,100%@1190,100%@1190,off,off] EMC_FREQ 0% GR3D_FREQ 99% AUX@45C CPU@49C thermal@48C AO@47.5C GPU@51C PMIC@50C VDD_IN 13632mW/12102mW VDD_CPU_GPU_CV 7420mW/6362mW VDD_SOC 2023mW/1869mW
10-01-2025 20:06:56 RAM 5469/6834MB (lfb 2x4MB) SWAP 542/3417MB (cached 2MB) CPU [100%@1190,100%@1190,100%@1190,100%@1190,off,off] EMC_FREQ 0% GR3D_FREQ 99% AUX@45C CPU@49C thermal@48C AO@47.5C GPU@51C PMIC@50C VDD_IN 13751mW/12130mW VDD_CPU_GPU_CV 7578mW/6382mW VDD_SOC 2023mW/1872mW
10-01-2025 20:06:57 RAM 5469/6834MB (lfb 2x4MB) SWAP 542/3417MB (cached 2MB) CPU [100%@1190,100%@1189,100%@1190,99%@1190,off,off] EMC_FREQ 0% GR3D_FREQ 99% AUX@45C CPU@49C thermal@48C AO@47.5C GPU@51C PMIC@50C VDD_IN 13473mW/12152mW VDD_CPU_GPU_CV 7023mW/6393mW VDD_SOC 2103mW/1876mW
10-01-2025 20:06:58 RAM 5469/6834MB (lfb 2x4MB) SWAP 542/3417MB (cached 2MB) CPU [100%@1189,100%@1190,100%@1189,100%@1190,off,off] EMC_FREQ 0% GR3D_FREQ 99% AUX@45C CPU@49C thermal@48C AO@47.5C GPU@51C PMIC@50C VDD_IN 13671mW/12176mW VDD_CPU_GPU_CV 7499mW/6411mW VDD_SOC 2023mW/1878mW
10-01-2025 20:06:59 RAM 5469/6834MB (lfb 2x4MB) SWAP 542/3417MB (cached 2MB) CPU [100%@1190,100%@1190,100%@1190,100%@1190,off,off] EMC_FREQ 0% GR3D_FREQ 99% AUX@45C CPU@49C thermal@48C AO@47.5C GPU@51C PMIC@50C VDD_IN 13592mW/12199mW VDD_CPU_GPU_CV 7420mW/6427mW VDD_SOC 2023mW/1880mW
10-01-2025 20:07:00 RAM 5469/6834MB (lfb 2x4MB) SWAP 542/3417MB (cached 2MB) CPU [100%@1190,100%@1190,100%@1190,100%@1190,off,off] EMC_FREQ 0% GR3D_FREQ 99% AUX@45C CPU@49C thermal@48.3C AO@47.5C GPU@51C PMIC@50C VDD_IN 13671mW/12222mW VDD_CPU_GPU_CV 7499mW/6443mW VDD_SOC 2023mW/1882mW
10-01-2025 20:07:01 RAM 5468/6834MB (lfb 2x4MB) SWAP 542/3417MB (cached 2MB) CPU [100%@1190,100%@1189,100%@1190,100%@1190,off,off] EMC_FREQ 0% GR3D_FREQ 99% AUX@45C CPU@49C thermal@48C AO@47.5C GPU@51C PMIC@50C VDD_IN 13632mW/12243mW VDD_CPU_GPU_CV 7459mW/6459mW VDD_SOC 2023mW/1885mW
10-01-2025 20:07:02 RAM 5467/6834MB (lfb 2x4MB) SWAP 542/3417MB (cached 2MB) CPU [98%@1190,100%@1190,100%@1189,99%@1190,off,off] EMC_FREQ 0% GR3D_FREQ 99% AUX@45C CPU@49.5C thermal@48C AO@48C GPU@51.5C PMIC@50C VDD_IN 13751mW/12266mW VDD_CPU_GPU_CV 7539mW/6475mW VDD_SOC 2023mW/1887mW
10-01-2025 20:07:03 RAM 5466/6834MB (lfb 2x4MB) SWAP 542/3417MB (cached 2MB) CPU [99%@1190,100%@1190,100%@1190,100%@1189,off,off] EMC_FREQ 0% GR3D_FREQ 99% AUX@45C CPU@49.5C thermal@48C AO@48C GPU@51C PMIC@50C VDD_IN 13632mW/12287mW VDD_CPU_GPU_CV 7301mW/6488mW VDD_SOC 2063mW/1889mW
10-01-2025 20:07:04 RAM 5466/6834MB (lfb 2x4MB) SWAP 542/3417MB (cached 2MB) CPU [98%@1190,100%@1190,100%@1190,100%@1190,off,off] EMC_FREQ 0% GR3D_FREQ 99% AUX@45.5C CPU@49.5C thermal@48.15C AO@47.5C GPU@51.5C PMIC@50C VDD_IN 13751mW/12308mW VDD_CPU_GPU_CV 7539mW/6503mW VDD_SOC 2063mW/1892mW
10-01-2025 20:07:05 RAM 5476/6834MB (lfb 2x4MB) SWAP 542/3417MB (cached 2MB) CPU [100%@1190,100%@1190,100%@1190,100%@1190,off,off] EMC_FREQ 0% GR3D_FREQ 99% AUX@45.5C CPU@49.5C thermal@48.35C AO@48C GPU@51.5C PMIC@50C VDD_IN 13711mW/12328mW VDD_CPU_GPU_CV 7539mW/6518mW VDD_SOC 2063mW/1894mW
10-01-2025 20:07:06 RAM 5485/6834MB (lfb 2x4MB) SWAP 542/3417MB (cached 2MB) CPU [98%@1190,98%@1190,100%@1190,99%@1190,off,off] EMC_FREQ 0% GR3D_FREQ 99% AUX@45.5C CPU@49.5C thermal@48.35C AO@48C GPU@51.5C PMIC@50C VDD_IN 13751mW/12349mW VDD_CPU_GPU_CV 7539mW/6533mW VDD_SOC 2063mW/1897mW
10-01-2025 20:07:07 RAM 5493/6834MB (lfb 1x4MB) SWAP 542/3417MB (cached 2MB) CPU [100%@1190,99%@1190,100%@1190,100%@1190,off,off] EMC_FREQ 0% GR3D_FREQ 99% AUX@45.5C CPU@49.5C thermal@48.5C AO@48C GPU@51C PMIC@50C VDD_IN 13473mW/12365mW VDD_CPU_GPU_CV 7261mW/6543mW VDD_SOC 2063mW/1899mW
10-01-2025 20:07:08 RAM 5484/6834MB (lfb 1x4MB) SWAP 542/3417MB (cached 2MB) CPU [98%@1190,100%@1190,100%@1190,100%@1190,off,off] EMC_FREQ 0% GR3D_FREQ 99% AUX@45.5C CPU@49.5C thermal@48.5C AO@48C GPU@51.5C PMIC@50C VDD_IN 13711mW/12383mW VDD_CPU_GPU_CV 7499mW/6556mW VDD_SOC 2063mW/1901mW
10-01-2025 20:07:09 RAM 5483/6834MB (lfb 1x4MB) SWAP 542/3417MB (cached 2MB) CPU [100%@1189,100%@1190,100%@1190,100%@1190,off,off] EMC_FREQ 0% GR3D_FREQ 99% AUX@45.5C CPU@49.5C thermal@48.5C AO@48C GPU@51.5C PMIC@50C VDD_IN 13751mW/12402mW VDD_CPU_GPU_CV 7539mW/6570mW VDD_SOC 2063mW/1904mW
10-01-2025 20:07:10 RAM 5484/6834MB (lfb 1x4MB) SWAP 542/3417MB (cached 2MB) CPU [97%@1190,100%@1190,100%@1190,100%@1190,off,off] EMC_FREQ 0% GR3D_FREQ 99% AUX@45.5C CPU@49.5C thermal@48.5C AO@48C GPU@51.5C PMIC@50C VDD_IN 13671mW/12419mW VDD_CPU_GPU_CV 7380mW/6581mW VDD_SOC 2063mW/1906mW
10-01-2025 20:07:11 RAM 5485/6834MB (lfb 1x4MB) SWAP 542/3417MB (cached 2MB) CPU [99%@1190,100%@1190,100%@1190,100%@1189,off,off] EMC_FREQ 0% GR3D_FREQ 99% AUX@45.5C CPU@49.5C thermal@48.5C AO@48C GPU@51.5C PMIC@50C VDD_IN 13791mW/12437mW VDD_CPU_GPU_CV 7539mW/6593mW VDD_SOC 2063mW/1908mW
10-01-2025 20:07:12 RAM 5485/6834MB (lfb 1x4MB) SWAP 542/3417MB (cached 2MB) CPU [96%@1190,99%@1190,100%@1190,100%@1190,off,off] EMC_FREQ 0% GR3D_FREQ 99% AUX@45.5C CPU@49.5C thermal@48.5C AO@48C GPU@51.5C PMIC@50C VDD_IN 13751mW/12455mW VDD_CPU_GPU_CV 7539mW/6606mW VDD_SOC 2063mW/1910mW
10-01-2025 20:07:13 RAM 5484/6834MB (lfb 1x4MB) SWAP 542/3417MB (cached 2MB) CPU [99%@1190,100%@1190,98%@1190,100%@1190,off,off] EMC_FREQ 0% GR3D_FREQ 99% AUX@45.5C CPU@49.5C thermal@48.5C AO@48C GPU@51.5C PMIC@50C VDD_IN 13711mW/12471mW VDD_CPU_GPU_CV 7499mW/6618mW VDD_SOC 2063mW/1912mW
10-01-2025 20:07:14 RAM 5486/6834MB (lfb 1x4MB) SWAP 542/3417MB (cached 2MB) CPU [98%@1189,100%@1190,100%@1190,99%@1190,off,off] EMC_FREQ 0% GR3D_FREQ 99% AUX@45.5C CPU@50C thermal@48.7C AO@48C GPU@51.5C PMIC@50C VDD_IN 13711mW/12487mW VDD_CPU_GPU_CV 7499mW/6629mW VDD_SOC 2063mW/1914mW
10-01-2025 20:07:15 RAM 5485/6834MB (lfb 1x4MB) SWAP 542/3417MB (cached 2MB) CPU [98%@1190,100%@1190,100%@1190,100%@1190,off,off] EMC_FREQ 0% GR3D_FREQ 99% AUX@45.5C CPU@50C thermal@48.7C AO@48.5C GPU@51.5C PMIC@50C VDD_IN 13751mW/12503mW VDD_CPU_GPU_CV 7539mW/6640mW VDD_SOC 2063mW/1916mW
10-01-2025 20:07:17 RAM 5485/6834MB (lfb 1x4MB) SWAP 542/3417MB (cached 2MB) CPU [97%@1189,100%@1190,100%@1190,100%@1190,off,off] EMC_FREQ 0% GR3D_FREQ 99% AUX@46C CPU@49.5C thermal@48.65C AO@48C GPU@51.5C PMIC@50C VDD_IN 13671mW/12518mW VDD_CPU_GPU_CV 7340mW/6649mW VDD_SOC 2063mW/1917mW
10-01-2025 20:07:18 RAM 5484/6834MB (lfb 1x4MB) SWAP 542/3417MB (cached 2MB) CPU [100%@1190,100%@1190,100%@1190,100%@1190,off,off] EMC_FREQ 0% GR3D_FREQ 99% AUX@46C CPU@50C thermal@48.85C AO@48.5C GPU@51.5C PMIC@50C VDD_IN 13751mW/12533mW VDD_CPU_GPU_CV 7459mW/6659mW VDD_SOC 2103mW/1920mW
10-01-2025 20:07:19 RAM 5484/6834MB (lfb 1x4MB) SWAP 542/3417MB (cached 2MB) CPU [93%@1190,100%@1190,100%@1190,100%@1190,off,off] EMC_FREQ 0% GR3D_FREQ 99% AUX@46C CPU@49.5C thermal@48.85C AO@48.5C GPU@51.5C PMIC@50C VDD_IN 13751mW/12548mW VDD_CPU_GPU_CV 7499mW/6669mW VDD_SOC 2103mW/1922mW
10-01-2025 20:07:20 RAM 5470/6834MB (lfb 1x4MB) SWAP 542/3417MB (cached 2MB) CPU [99%@1190,100%@1190,100%@1189,100%@1190,off,off] EMC_FREQ 0% GR3D_FREQ 99% AUX@46C CPU@50C thermal@50.05C AO@48.5C GPU@51.5C PMIC@50C VDD_IN 13791mW/12563mW VDD_CPU_GPU_CV 7539mW/6680mW VDD_SOC 2103mW/1924mW
10-01-2025 20:07:21 RAM 5472/6834MB (lfb 1x4MB) SWAP 542/3417MB (cached 2MB) CPU [99%@1189,100%@1190,100%@1190,100%@1190,off,off] EMC_FREQ 0% GR3D_FREQ 99% AUX@46C CPU@50C thermal@48.85C AO@48.5C GPU@52C PMIC@50C VDD_IN 13711mW/12576mW VDD_CPU_GPU_CV 7459mW/6689mW VDD_SOC 2063mW/1926mW
10-01-2025 20:07:22 RAM 5471/6834MB (lfb 1x4MB) SWAP 542/3417MB (cached 2MB) CPU [99%@1189,100%@1190,100%@1190,100%@1189,off,off] EMC_FREQ 0% GR3D_FREQ 99% AUX@46C CPU@50C thermal@48.85C AO@49C GPU@52C PMIC@50C VDD_IN 13711mW/12590mW VDD_CPU_GPU_CV 7499mW/6699mW VDD_SOC 2063mW/1927mW
10-01-2025 20:07:23 RAM 5471/6834MB (lfb 1x4MB) SWAP 542/3417MB (cached 2MB) CPU [98%@1190,100%@1190,100%@1190,100%@1190,off,off] EMC_FREQ 0% GR3D_FREQ 99% AUX@46C CPU@50C thermal@48.85C AO@48.5C GPU@52C PMIC@50C VDD_IN 13671mW/12602mW VDD_CPU_GPU_CV 7459mW/6707mW VDD_SOC 2063mW/1929mW
10-01-2025 20:07:24 RAM 5471/6834MB (lfb 1x4MB) SWAP 542/3417MB (cached 2MB) CPU [97%@1190,100%@1190,100%@1190,100%@1190,off,off] EMC_FREQ 0% GR3D_FREQ 99% AUX@46C CPU@50.5C thermal@49C AO@48.5C GPU@52C PMIC@50C VDD_IN 13751mW/12615mW VDD_CPU_GPU_CV 7539mW/6717mW VDD_SOC 2063mW/1930mW
10-01-2025 20:07:25 RAM 5471/6834MB (lfb 1x4MB) SWAP 542/3417MB (cached 2MB) CPU [100%@1190,100%@1190,100%@1190,100%@1190,off,off] EMC_FREQ 0% GR3D_FREQ 99% AUX@46C CPU@50.5C thermal@49C AO@49C GPU@52C PMIC@50C VDD_IN 13791mW/12629mW VDD_CPU_GPU_CV 7578mW/6727mW VDD_SOC 2063mW/1932mW
10-01-2025 20:07:26 RAM 5471/6834MB (lfb 1x4MB) SWAP 542/3417MB (cached 2MB) CPU [100%@1190,100%@1190,100%@1189,100%@1190,off,off] EMC_FREQ 0% GR3D_FREQ 99% AUX@46C CPU@50.5C thermal@49C AO@49C GPU@52C PMIC@50C VDD_IN 13711mW/12641mW VDD_CPU_GPU_CV 7539mW/6736mW VDD_SOC 2063mW/1933mW
10-01-2025 20:07:27 RAM 5470/6834MB (lfb 1x4MB) SWAP 542/3417MB (cached 2MB) CPU [100%@1189,99%@1189,100%@1190,100%@1189,off,off] EMC_FREQ 0% GR3D_FREQ 99% AUX@46C CPU@50C thermal@49.15C AO@49C GPU@53C PMIC@50C VDD_IN 13711mW/12653mW VDD_CPU_GPU_CV 7539mW/6745mW VDD_SOC 2023mW/1934mW
10-01-2025 20:07:28 RAM 5470/6834MB (lfb 1x4MB) SWAP 542/3417MB (cached 2MB) CPU [100%@1190,100%@1190,100%@1190,100%@1190,off,off] EMC_FREQ 0% GR3D_FREQ 99% AUX@46.5C CPU@50C thermal@49.45C AO@49C GPU@52C PMIC@50C VDD_IN 13791mW/12665mW VDD_CPU_GPU_CV 7578mW/6754mW VDD_SOC 2063mW/1936mW
10-01-2025 20:07:29 RAM 5470/6834MB (lfb 1x4MB) SWAP 542/3417MB (cached 2MB) CPU [100%@1190,100%@1190,100%@1190,100%@1190,off,off] EMC_FREQ 0% GR3D_FREQ 99% AUX@46C CPU@50.5C thermal@49C AO@49C GPU@52C PMIC@50C VDD_IN 13592mW/12675mW VDD_CPU_GPU_CV 7261mW/6759mW VDD_SOC 2063mW/1937mW
10-01-2025 20:07:30 RAM 5470/6834MB (lfb 1x4MB) SWAP 542/3417MB (cached 2MB) CPU [97%@1190,100%@1190,100%@1189,100%@1190,off,off] EMC_FREQ 0% GR3D_FREQ 99% AUX@46C CPU@50.5C thermal@49C AO@49C GPU@53C PMIC@50C VDD_IN 13830mW/12688mW VDD_CPU_GPU_CV 7618mW/6769mW VDD_SOC 2063mW/1939mW
10-01-2025 20:07:31 RAM 5480/6834MB (lfb 1x4MB) SWAP 542/3417MB (cached 2MB) CPU [98%@1190,100%@1190,100%@1190,100%@1190,off,off] EMC_FREQ 0% GR3D_FREQ 99% AUX@46.5C CPU@50.5C thermal@49.45C AO@49C GPU@53C PMIC@50C VDD_IN 13671mW/12698mW VDD_CPU_GPU_CV 7459mW/6776mW VDD_SOC 2063mW/1940mW
10-01-2025 20:07:32 RAM 5479/6834MB (lfb 1x4MB) SWAP 542/3417MB (cached 2MB) CPU [94%@1190,100%@1190,100%@1190,100%@1190,off,off] EMC_FREQ 0% GR3D_FREQ 99% AUX@46.5C CPU@50.5C thermal@49.65C AO@49C GPU@53C PMIC@50C VDD_IN 13791mW/12710mW VDD_CPU_GPU_CV 7618mW/6785mW VDD_SOC 2063mW/1941mW
10-01-2025 20:07:33 RAM 5479/6834MB (lfb 1x4MB) SWAP 542/3417MB (cached 2MB) CPU [99%@1189,100%@1190,100%@1190,100%@1190,off,off] EMC_FREQ 0% GR3D_FREQ 99% AUX@46.5C CPU@50.5C thermal@49.65C AO@49C GPU@53C PMIC@50C VDD_IN 13751mW/12721mW VDD_CPU_GPU_CV 7539mW/6793mW VDD_SOC 2063mW/1942mW
10-01-2025 20:07:34 RAM 5478/6834MB (lfb 1x4MB) SWAP 542/3417MB (cached 2MB) CPU [100%@1190,100%@1190,100%@1190,100%@1190,off,off] EMC_FREQ 0% GR3D_FREQ 99% AUX@46.5C CPU@50.5C thermal@49.65C AO@49C GPU@53C PMIC@50C VDD_IN 13791mW/12732mW VDD_CPU_GPU_CV 7539mW/6800mW VDD_SOC 2063mW/1944mW
10-01-2025 20:07:35 RAM 5478/6834MB (lfb 1x4MB) SWAP 542/3417MB (cached 2MB) CPU [100%@1189,100%@1190,100%@1190,100%@1190,off,off] EMC_FREQ 0% GR3D_FREQ 99% AUX@46.5C CPU@50.5C thermal@49.65C AO@49C GPU@53C PMIC@50C VDD_IN 13711mW/12742mW VDD_CPU_GPU_CV 7301mW/6805mW VDD_SOC 2103mW/1945mW
10-01-2025 20:07:36 RAM 5489/6834MB (lfb 14x1MB) SWAP 542/3417MB (cached 2MB) CPU [100%@1190,99%@1190,100%@1190,100%@1190,off,off] EMC_FREQ 0% GR3D_FREQ 99% AUX@46.5C CPU@50.5C thermal@49.65C AO@49.5C GPU@53C PMIC@50C VDD_IN 13751mW/12752mW VDD_CPU_GPU_CV 7499mW/6812mW VDD_SOC 2063mW/1946mW
10-01-2025 20:07:37 RAM 5495/6834MB (lfb 14x1MB) SWAP 542/3417MB (cached 2MB) CPU [98%@1190,100%@1190,100%@1190,100%@1190,off,off] EMC_FREQ 0% GR3D_FREQ 99% AUX@46.5C CPU@50.5C thermal@49.65C AO@49.5C GPU@53C PMIC@50C VDD_IN 13830mW/12763mW VDD_CPU_GPU_CV 7618mW/6821mW VDD_SOC 2063mW/1948mW
10-01-2025 20:07:38 RAM 5487/6834MB (lfb 2x2MB) SWAP 542/3417MB (cached 2MB) CPU [100%@1190,100%@1190,100%@1190,100%@1190,off,off] EMC_FREQ 0% GR3D_FREQ 99% AUX@47C CPU@50.5C thermal@49.65C AO@49C GPU@53C PMIC@50C VDD_IN 13751mW/12772mW VDD_CPU_GPU_CV 7499mW/6827mW VDD_SOC 2063mW/1949mW
10-01-2025 20:07:39 RAM 5489/6834MB (lfb 2x2MB) SWAP 542/3417MB (cached 2MB) CPU [99%@1190,99%@1190,100%@1190,100%@1190,off,off] EMC_FREQ 0% GR3D_FREQ 99% AUX@46.5C CPU@50.5C thermal@49.65C AO@49.5C GPU@53C PMIC@50C VDD_IN 13751mW/12782mW VDD_CPU_GPU_CV 7539mW/6834mW VDD_SOC 2063mW/1950mW
10-01-2025 20:07:40 RAM 5489/6834MB (lfb 2x2MB) SWAP 542/3417MB (cached 2MB) CPU [99%@1190,100%@1190,100%@1190,100%@1190,off,off] EMC_FREQ 0% GR3D_FREQ 99% AUX@46.5C CPU@50.5C thermal@49.8C AO@49.5C GPU@53C PMIC@50C VDD_IN 13751mW/12791mW VDD_CPU_GPU_CV 7539mW/6841mW VDD_SOC 2063mW/1951mW
